<?xml version="1.0" encoding="UTF-8"?>
<!-- Generated by org.testng.reporters.JUnitReportReporter -->
<testsuite skipped="0" hostname="CDC2-D-6R3JH92" name="Casestudy.tests.TestMe" tests="4" failures="0" timestamp="23 Apr 2019 07:55:17 GMT" time="42.200" errors="0">
  <testcase name="testMeAppLogin" time="13.138" classname="Casestudy.tests.TestMe"/>
  <testcase name="testMeAppLogin" time="9.626" classname="Casestudy.tests.TestMe"/>
  <testcase name="testMeAppLogin" time="10.041" classname="Casestudy.tests.TestMe"/>
  <testcase name="testMeAppLogin" time="9.395" classname="Casestudy.tests.TestMe"/>
</testsuite> <!-- Casestudy.tests.TestMe -->
